\BOOKMARK [0][-]{chapter.1}{\376\377\0001\000\040\000H\000i\000e\000r\000a\000r\000c\000h\000i\000c\000a\000l\000\040\000I\000n\000d\000e\000x}{}% 1
\BOOKMARK [1][-]{section.1.1}{\376\377\0001\000.\0001\000\040\000C\000l\000a\000s\000s\000\040\000H\000i\000e\000r\000a\000r\000c\000h\000y}{chapter.1}% 2
\BOOKMARK [0][-]{chapter.2}{\376\377\0002\000\040\000C\000l\000a\000s\000s\000\040\000I\000n\000d\000e\000x}{}% 3
\BOOKMARK [1][-]{section.2.1}{\376\377\0002\000.\0001\000\040\000C\000l\000a\000s\000s\000\040\000L\000i\000s\000t}{chapter.2}% 4
\BOOKMARK [0][-]{chapter.3}{\376\377\0003\000\040\000F\000i\000l\000e\000\040\000I\000n\000d\000e\000x}{}% 5
\BOOKMARK [1][-]{section.3.1}{\376\377\0003\000.\0001\000\040\000F\000i\000l\000e\000\040\000L\000i\000s\000t}{chapter.3}% 6
\BOOKMARK [0][-]{chapter.4}{\376\377\0004\000\040\000C\000l\000a\000s\000s\000\040\000D\000o\000c\000u\000m\000e\000n\000t\000a\000t\000i\000o\000n}{}% 7
\BOOKMARK [1][-]{section.4.1}{\376\377\0004\000.\0001\000\040\000G\000a\000m\000e\000O\000b\000j\000:\000:\000G\000a\000m\000e\000M\000a\000n\000a\000g\000e\000r\000\040\000S\000t\000r\000u\000c\000t\000\040\000R\000e\000f\000e\000r\000e\000n\000c\000e}{chapter.4}% 8
\BOOKMARK [2][-]{subsection.4.1.1}{\376\377\0004\000.\0001\000.\0001\000\040\000D\000e\000t\000a\000i\000l\000e\000d\000\040\000D\000e\000s\000c\000r\000i\000p\000t\000i\000o\000n}{section.4.1}% 9
\BOOKMARK [1][-]{section.4.2}{\376\377\0004\000.\0002\000\040\000I\000O\000:\000:\000K\000e\000y\000b\000o\000a\000r\000d\000I\000n\000p\000u\000t\000\040\000S\000t\000r\000u\000c\000t\000\040\000R\000e\000f\000e\000r\000e\000n\000c\000e}{chapter.4}% 10
\BOOKMARK [2][-]{subsection.4.2.1}{\376\377\0004\000.\0002\000.\0001\000\040\000C\000o\000n\000s\000t\000r\000u\000c\000t\000o\000r\000\040\000\046\000\040\000D\000e\000s\000t\000r\000u\000c\000t\000o\000r\000\040\000D\000o\000c\000u\000m\000e\000n\000t\000a\000t\000i\000o\000n}{section.4.2}% 11
\BOOKMARK [3][-]{subsubsection.4.2.1.1}{\376\377\0004\000.\0002\000.\0001\000.\0001\000\040\000K\000e\000y\000b\000o\000a\000r\000d\000I\000n\000p\000u\000t\000\050\000\051}{subsection.4.2.1}% 12
\BOOKMARK [3][-]{subsubsection.4.2.1.2}{\376\377\0004\000.\0002\000.\0001\000.\0002\000\040\000\040\000K\000e\000y\000b\000o\000a\000r\000d\000I\000n\000p\000u\000t\000\050\000\051}{subsection.4.2.1}% 13
\BOOKMARK [2][-]{subsection.4.2.2}{\376\377\0004\000.\0002\000.\0002\000\040\000M\000e\000m\000b\000e\000r\000\040\000F\000u\000n\000c\000t\000i\000o\000n\000\040\000D\000o\000c\000u\000m\000e\000n\000t\000a\000t\000i\000o\000n}{section.4.2}% 14
\BOOKMARK [3][-]{subsubsection.4.2.2.1}{\376\377\0004\000.\0002\000.\0002\000.\0001\000\040\000e\000n\000d\000U\000p\000d\000a\000t\000e\000\050\000\051}{subsection.4.2.2}% 15
\BOOKMARK [3][-]{subsubsection.4.2.2.2}{\376\377\0004\000.\0002\000.\0002\000.\0002\000\040\000g\000e\000t\000K\000e\000y\000\050\000\051}{subsection.4.2.2}% 16
\BOOKMARK [3][-]{subsubsection.4.2.2.3}{\376\377\0004\000.\0002\000.\0002\000.\0003\000\040\000g\000e\000t\000K\000e\000y\000D\000o\000w\000n\000\050\000\051}{subsection.4.2.2}% 17
\BOOKMARK [3][-]{subsubsection.4.2.2.4}{\376\377\0004\000.\0002\000.\0002\000.\0004\000\040\000g\000e\000t\000K\000e\000y\000U\000p\000\050\000\051}{subsection.4.2.2}% 18
\BOOKMARK [3][-]{subsubsection.4.2.2.5}{\376\377\0004\000.\0002\000.\0002\000.\0005\000\040\000s\000e\000t\000K\000e\000y\000D\000o\000w\000n\000\050\000\051}{subsection.4.2.2}% 19
\BOOKMARK [3][-]{subsubsection.4.2.2.6}{\376\377\0004\000.\0002\000.\0002\000.\0006\000\040\000s\000e\000t\000K\000e\000y\000U\000p\000\050\000\051}{subsection.4.2.2}% 20
\BOOKMARK [1][-]{section.4.3}{\376\377\0004\000.\0003\000\040\000I\000O\000:\000:\000M\000o\000u\000s\000e\000I\000n\000p\000u\000t\000\040\000S\000t\000r\000u\000c\000t\000\040\000R\000e\000f\000e\000r\000e\000n\000c\000e}{chapter.4}% 21
\BOOKMARK [2][-]{subsection.4.3.1}{\376\377\0004\000.\0003\000.\0001\000\040\000D\000e\000t\000a\000i\000l\000e\000d\000\040\000D\000e\000s\000c\000r\000i\000p\000t\000i\000o\000n}{section.4.3}% 22
\BOOKMARK [2][-]{subsection.4.3.2}{\376\377\0004\000.\0003\000.\0002\000\040\000C\000o\000n\000s\000t\000r\000u\000c\000t\000o\000r\000\040\000\046\000\040\000D\000e\000s\000t\000r\000u\000c\000t\000o\000r\000\040\000D\000o\000c\000u\000m\000e\000n\000t\000a\000t\000i\000o\000n}{section.4.3}% 23
\BOOKMARK [3][-]{subsubsection.4.3.2.1}{\376\377\0004\000.\0003\000.\0002\000.\0001\000\040\000M\000o\000u\000s\000e\000I\000n\000p\000u\000t\000\050\000\051}{subsection.4.3.2}% 24
\BOOKMARK [2][-]{subsection.4.3.3}{\376\377\0004\000.\0003\000.\0003\000\040\000M\000e\000m\000b\000e\000r\000\040\000F\000u\000n\000c\000t\000i\000o\000n\000\040\000D\000o\000c\000u\000m\000e\000n\000t\000a\000t\000i\000o\000n}{section.4.3}% 25
\BOOKMARK [3][-]{subsubsection.4.3.3.1}{\376\377\0004\000.\0003\000.\0003\000.\0001\000\040\000e\000n\000d\000U\000p\000d\000a\000t\000e\000\050\000\051}{subsection.4.3.3}% 26
\BOOKMARK [3][-]{subsubsection.4.3.3.2}{\376\377\0004\000.\0003\000.\0003\000.\0002\000\040\000g\000e\000t\000L\000e\000f\000t\000B\000u\000t\000t\000o\000n\000\050\000\051}{subsection.4.3.3}% 27
\BOOKMARK [3][-]{subsubsection.4.3.3.3}{\376\377\0004\000.\0003\000.\0003\000.\0003\000\040\000g\000e\000t\000L\000e\000f\000t\000B\000u\000t\000t\000o\000n\000D\000o\000w\000n\000\050\000\051}{subsection.4.3.3}% 28
\BOOKMARK [3][-]{subsubsection.4.3.3.4}{\376\377\0004\000.\0003\000.\0003\000.\0004\000\040\000g\000e\000t\000L\000e\000f\000t\000B\000u\000t\000t\000o\000n\000U\000p\000\050\000\051}{subsection.4.3.3}% 29
\BOOKMARK [3][-]{subsubsection.4.3.3.5}{\376\377\0004\000.\0003\000.\0003\000.\0005\000\040\000g\000e\000t\000R\000i\000g\000h\000t\000B\000u\000t\000t\000o\000n\000\050\000\051}{subsection.4.3.3}% 30
\BOOKMARK [3][-]{subsubsection.4.3.3.6}{\376\377\0004\000.\0003\000.\0003\000.\0006\000\040\000g\000e\000t\000R\000i\000g\000h\000t\000B\000u\000t\000t\000o\000n\000D\000o\000w\000n\000\050\000\051}{subsection.4.3.3}% 31
\BOOKMARK [3][-]{subsubsection.4.3.3.7}{\376\377\0004\000.\0003\000.\0003\000.\0007\000\040\000g\000e\000t\000R\000i\000g\000h\000t\000B\000u\000t\000t\000o\000n\000U\000p\000\050\000\051}{subsection.4.3.3}% 32
\BOOKMARK [3][-]{subsubsection.4.3.3.8}{\376\377\0004\000.\0003\000.\0003\000.\0008\000\040\000g\000e\000t\000X\000\050\000\051}{subsection.4.3.3}% 33
\BOOKMARK [3][-]{subsubsection.4.3.3.9}{\376\377\0004\000.\0003\000.\0003\000.\0009\000\040\000g\000e\000t\000Y\000\050\000\051}{subsection.4.3.3}% 34
\BOOKMARK [3][-]{subsubsection.4.3.3.10}{\376\377\0004\000.\0003\000.\0003\000.\0001\0000\000\040\000s\000e\000t\000L\000e\000f\000t\000B\000u\000t\000t\000o\000n\000\050\000\051}{subsection.4.3.3}% 35
\BOOKMARK [3][-]{subsubsection.4.3.3.11}{\376\377\0004\000.\0003\000.\0003\000.\0001\0001\000\040\000s\000e\000t\000L\000e\000f\000t\000B\000u\000t\000t\000o\000n\000D\000o\000w\000n\000\050\000\051}{subsection.4.3.3}% 36
\BOOKMARK [3][-]{subsubsection.4.3.3.12}{\376\377\0004\000.\0003\000.\0003\000.\0001\0002\000\040\000s\000e\000t\000L\000e\000f\000t\000B\000u\000t\000t\000o\000n\000U\000p\000\050\000\051}{subsection.4.3.3}% 37
\BOOKMARK [3][-]{subsubsection.4.3.3.13}{\376\377\0004\000.\0003\000.\0003\000.\0001\0003\000\040\000s\000e\000t\000R\000i\000g\000h\000t\000B\000u\000t\000t\000o\000n\000\050\000\051}{subsection.4.3.3}% 38
\BOOKMARK [3][-]{subsubsection.4.3.3.14}{\376\377\0004\000.\0003\000.\0003\000.\0001\0004\000\040\000s\000e\000t\000R\000i\000g\000h\000t\000B\000u\000t\000t\000o\000n\000D\000o\000w\000n\000\050\000\051}{subsection.4.3.3}% 39
\BOOKMARK [3][-]{subsubsection.4.3.3.15}{\376\377\0004\000.\0003\000.\0003\000.\0001\0005\000\040\000s\000e\000t\000R\000i\000g\000h\000t\000B\000u\000t\000t\000o\000n\000U\000p\000\050\000\051}{subsection.4.3.3}% 40
\BOOKMARK [3][-]{subsubsection.4.3.3.16}{\376\377\0004\000.\0003\000.\0003\000.\0001\0006\000\040\000s\000e\000t\000X\000\050\000\051}{subsection.4.3.3}% 41
\BOOKMARK [3][-]{subsubsection.4.3.3.17}{\376\377\0004\000.\0003\000.\0003\000.\0001\0007\000\040\000s\000e\000t\000Y\000\050\000\051}{subsection.4.3.3}% 42
\BOOKMARK [1][-]{section.4.4}{\376\377\0004\000.\0004\000\040\000G\000a\000m\000e\000O\000b\000j\000:\000:\000O\000b\000j\000e\000c\000t\000\040\000S\000t\000r\000u\000c\000t\000\040\000R\000e\000f\000e\000r\000e\000n\000c\000e}{chapter.4}% 43
\BOOKMARK [2][-]{subsection.4.4.1}{\376\377\0004\000.\0004\000.\0001\000\040\000D\000e\000t\000a\000i\000l\000e\000d\000\040\000D\000e\000s\000c\000r\000i\000p\000t\000i\000o\000n}{section.4.4}% 44
\BOOKMARK [2][-]{subsection.4.4.2}{\376\377\0004\000.\0004\000.\0002\000\040\000C\000o\000n\000s\000t\000r\000u\000c\000t\000o\000r\000\040\000\046\000\040\000D\000e\000s\000t\000r\000u\000c\000t\000o\000r\000\040\000D\000o\000c\000u\000m\000e\000n\000t\000a\000t\000i\000o\000n}{section.4.4}% 45
\BOOKMARK [3][-]{subsubsection.4.4.2.1}{\376\377\0004\000.\0004\000.\0002\000.\0001\000\040\000O\000b\000j\000e\000c\000t\000\050\000\051}{subsection.4.4.2}% 46
\BOOKMARK [3][-]{subsubsection.4.4.2.2}{\376\377\0004\000.\0004\000.\0002\000.\0002\000\040\000\040\000O\000b\000j\000e\000c\000t\000\050\000\051}{subsection.4.4.2}% 47
\BOOKMARK [2][-]{subsection.4.4.3}{\376\377\0004\000.\0004\000.\0003\000\040\000M\000e\000m\000b\000e\000r\000\040\000F\000u\000n\000c\000t\000i\000o\000n\000\040\000D\000o\000c\000u\000m\000e\000n\000t\000a\000t\000i\000o\000n}{section.4.4}% 48
\BOOKMARK [3][-]{subsubsection.4.4.3.1}{\376\377\0004\000.\0004\000.\0003\000.\0001\000\040\000a\000d\000d\000X\000\050\000\051}{subsection.4.4.3}% 49
\BOOKMARK [3][-]{subsubsection.4.4.3.2}{\376\377\0004\000.\0004\000.\0003\000.\0002\000\040\000a\000d\000d\000Y\000\050\000\051}{subsection.4.4.3}% 50
\BOOKMARK [3][-]{subsubsection.4.4.3.3}{\376\377\0004\000.\0004\000.\0003\000.\0003\000\040\000c\000h\000e\000c\000k\000\137\000c\000o\000l\000l\000i\000s\000i\000o\000n\000\050\000\051}{subsection.4.4.3}% 51
\BOOKMARK [3][-]{subsubsection.4.4.3.4}{\376\377\0004\000.\0004\000.\0003\000.\0004\000\040\000c\000r\000e\000a\000t\000e\000\050\000\051}{subsection.4.4.3}% 52
\BOOKMARK [3][-]{subsubsection.4.4.3.5}{\376\377\0004\000.\0004\000.\0003\000.\0005\000\040\000d\000e\000s\000t\000r\000o\000y\000\050\000\051}{subsection.4.4.3}% 53
\BOOKMARK [3][-]{subsubsection.4.4.3.6}{\376\377\0004\000.\0004\000.\0003\000.\0006\000\040\000d\000r\000a\000w\000\050\000\051}{subsection.4.4.3}% 54
\BOOKMARK [3][-]{subsubsection.4.4.3.7}{\376\377\0004\000.\0004\000.\0003\000.\0007\000\040\000e\000n\000d\000U\000p\000d\000a\000t\000e\000\050\000\051}{subsection.4.4.3}% 55
\BOOKMARK [3][-]{subsubsection.4.4.3.8}{\376\377\0004\000.\0004\000.\0003\000.\0008\000\040\000g\000e\000t\000C\000o\000l\000M\000a\000s\000k\000\050\000\051}{subsection.4.4.3}% 56
\BOOKMARK [3][-]{subsubsection.4.4.3.9}{\376\377\0004\000.\0004\000.\0003\000.\0009\000\040\000g\000e\000t\000D\000i\000r\000e\000c\000t\000i\000o\000n\000\050\000\051}{subsection.4.4.3}% 57
\BOOKMARK [3][-]{subsubsection.4.4.3.10}{\376\377\0004\000.\0004\000.\0003\000.\0001\0000\000\040\000g\000e\000t\000H\000a\000s\000S\000p\000r\000\050\000\051}{subsection.4.4.3}% 58
\BOOKMARK [3][-]{subsubsection.4.4.3.11}{\376\377\0004\000.\0004\000.\0003\000.\0001\0001\000\040\000g\000e\000t\000P\000e\000r\000s\000i\000s\000t\000e\000n\000t\000\050\000\051}{subsection.4.4.3}% 59
\BOOKMARK [3][-]{subsubsection.4.4.3.12}{\376\377\0004\000.\0004\000.\0003\000.\0001\0002\000\040\000g\000e\000t\000R\000o\000o\000m\000\050\000\051}{subsection.4.4.3}% 60
\BOOKMARK [3][-]{subsubsection.4.4.3.13}{\376\377\0004\000.\0004\000.\0003\000.\0001\0003\000\040\000g\000e\000t\000S\000p\000r\000i\000t\000e\000\050\000\051}{subsection.4.4.3}% 61
\BOOKMARK [3][-]{subsubsection.4.4.3.14}{\376\377\0004\000.\0004\000.\0003\000.\0001\0004\000\040\000g\000e\000t\000S\000p\000r\000i\000t\000e\000P\000a\000t\000h\000\050\000\051}{subsection.4.4.3}% 62
\BOOKMARK [3][-]{subsubsection.4.4.3.15}{\376\377\0004\000.\0004\000.\0003\000.\0001\0005\000\040\000g\000e\000t\000T\000o\000D\000e\000s\000t\000r\000u\000c\000t\000\050\000\051}{subsection.4.4.3}% 63
\BOOKMARK [3][-]{subsubsection.4.4.3.16}{\376\377\0004\000.\0004\000.\0003\000.\0001\0006\000\040\000g\000e\000t\000X\000\050\000\051}{subsection.4.4.3}% 64
\BOOKMARK [3][-]{subsubsection.4.4.3.17}{\376\377\0004\000.\0004\000.\0003\000.\0001\0007\000\040\000g\000e\000t\000Y\000\050\000\051}{subsection.4.4.3}% 65
\BOOKMARK [3][-]{subsubsection.4.4.3.18}{\376\377\0004\000.\0004\000.\0003\000.\0001\0008\000\040\000s\000e\000l\000f\000D\000e\000s\000t\000r\000u\000c\000t\000\050\000\051}{subsection.4.4.3}% 66
\BOOKMARK [3][-]{subsubsection.4.4.3.19}{\376\377\0004\000.\0004\000.\0003\000.\0001\0009\000\040\000s\000e\000t\000D\000i\000r\000e\000c\000t\000i\000o\000n\000\050\000\051}{subsection.4.4.3}% 67
\BOOKMARK [3][-]{subsubsection.4.4.3.20}{\376\377\0004\000.\0004\000.\0003\000.\0002\0000\000\040\000s\000e\000t\000R\000o\000o\000m\000\050\000\051}{subsection.4.4.3}% 68
\BOOKMARK [3][-]{subsubsection.4.4.3.21}{\376\377\0004\000.\0004\000.\0003\000.\0002\0001\000\040\000s\000e\000t\000R\000o\000o\000m\000E\000n\000d\000\050\000\051}{subsection.4.4.3}% 69
\BOOKMARK [3][-]{subsubsection.4.4.3.22}{\376\377\0004\000.\0004\000.\0003\000.\0002\0002\000\040\000s\000e\000t\000S\000p\000r\000i\000t\000e\000\050\000\051}{subsection.4.4.3}% 70
\BOOKMARK [3][-]{subsubsection.4.4.3.23}{\376\377\0004\000.\0004\000.\0003\000.\0002\0003\000\040\000s\000e\000t\000X\000\050\000\051}{subsection.4.4.3}% 71
\BOOKMARK [3][-]{subsubsection.4.4.3.24}{\376\377\0004\000.\0004\000.\0003\000.\0002\0004\000\040\000s\000e\000t\000X\000Y\000\050\000\051}{subsection.4.4.3}% 72
\BOOKMARK [3][-]{subsubsection.4.4.3.25}{\376\377\0004\000.\0004\000.\0003\000.\0002\0005\000\040\000s\000e\000t\000Y\000\050\000\051}{subsection.4.4.3}% 73
\BOOKMARK [3][-]{subsubsection.4.4.3.26}{\376\377\0004\000.\0004\000.\0003\000.\0002\0006\000\040\000u\000p\000d\000a\000t\000e\000\050\000\051}{subsection.4.4.3}% 74
\BOOKMARK [1][-]{section.4.5}{\376\377\0004\000.\0005\000\040\000G\000a\000m\000e\000O\000b\000j\000:\000:\000O\000b\000j\000e\000c\000t\000M\000a\000n\000a\000g\000e\000r\000\040\000S\000t\000r\000u\000c\000t\000\040\000R\000e\000f\000e\000r\000e\000n\000c\000e}{chapter.4}% 75
\BOOKMARK [2][-]{subsection.4.5.1}{\376\377\0004\000.\0005\000.\0001\000\040\000D\000e\000t\000a\000i\000l\000e\000d\000\040\000D\000e\000s\000c\000r\000i\000p\000t\000i\000o\000n}{section.4.5}% 76
\BOOKMARK [2][-]{subsection.4.5.2}{\376\377\0004\000.\0005\000.\0002\000\040\000M\000e\000m\000b\000e\000r\000\040\000F\000u\000n\000c\000t\000i\000o\000n\000\040\000D\000o\000c\000u\000m\000e\000n\000t\000a\000t\000i\000o\000n}{section.4.5}% 77
\BOOKMARK [3][-]{subsubsection.4.5.2.1}{\376\377\0004\000.\0005\000.\0002\000.\0001\000\040\000c\000r\000e\000a\000t\000e\000O\000b\000j\000e\000c\000t\000\050\000\051}{subsection.4.5.2}% 78
\BOOKMARK [3][-]{subsubsection.4.5.2.2}{\376\377\0004\000.\0005\000.\0002\000.\0002\000\040\000d\000e\000s\000t\000r\000o\000y\000O\000b\000j\000e\000c\000t\000\050\000\051}{subsection.4.5.2}% 79
\BOOKMARK [3][-]{subsubsection.4.5.2.3}{\376\377\0004\000.\0005\000.\0002\000.\0003\000\040\000d\000r\000a\000w\000\050\000\051}{subsection.4.5.2}% 80
\BOOKMARK [3][-]{subsubsection.4.5.2.4}{\376\377\0004\000.\0005\000.\0002\000.\0004\000\040\000g\000e\000t\000N\000u\000m\000O\000b\000j\000\050\000\051}{subsection.4.5.2}% 81
\BOOKMARK [3][-]{subsubsection.4.5.2.5}{\376\377\0004\000.\0005\000.\0002\000.\0005\000\040\000g\000e\000t\000O\000b\000j\000e\000c\000t\000\050\000\051}{subsection.4.5.2}% 82
\BOOKMARK [3][-]{subsubsection.4.5.2.6}{\376\377\0004\000.\0005\000.\0002\000.\0006\000\040\000g\000e\000t\000R\000e\000n\000d\000e\000r\000e\000r\000\050\000\051}{subsection.4.5.2}% 83
\BOOKMARK [3][-]{subsubsection.4.5.2.7}{\376\377\0004\000.\0005\000.\0002\000.\0007\000\040\000g\000o\000t\000o\000R\000o\000o\000m\000\050\000\051}{subsection.4.5.2}% 84
\BOOKMARK [3][-]{subsubsection.4.5.2.8}{\376\377\0004\000.\0005\000.\0002\000.\0008\000\040\000i\000n\000s\000t\000a\000n\000c\000e\000\137\000f\000i\000n\000d\000\050\000\051}{subsection.4.5.2}% 85
\BOOKMARK [3][-]{subsubsection.4.5.2.9}{\376\377\0004\000.\0005\000.\0002\000.\0009\000\040\000i\000n\000s\000t\000a\000n\000c\000e\000\137\000l\000i\000s\000t\000\050\000\051}{subsection.4.5.2}% 86
\BOOKMARK [3][-]{subsubsection.4.5.2.10}{\376\377\0004\000.\0005\000.\0002\000.\0001\0000\000\040\000n\000e\000x\000t\000R\000o\000o\000m\000\050\000\051}{subsection.4.5.2}% 87
\BOOKMARK [3][-]{subsubsection.4.5.2.11}{\376\377\0004\000.\0005\000.\0002\000.\0001\0001\000\040\000r\000e\000s\000t\000a\000r\000t\000R\000o\000o\000m\000\050\000\051}{subsection.4.5.2}% 88
\BOOKMARK [3][-]{subsubsection.4.5.2.12}{\376\377\0004\000.\0005\000.\0002\000.\0001\0002\000\040\000u\000p\000d\000a\000t\000e\000\050\000\051}{subsection.4.5.2}% 89
\BOOKMARK [1][-]{section.4.6}{\376\377\0004\000.\0006\000\040\000G\000a\000m\000e\000R\000o\000o\000m\000:\000:\000R\000o\000o\000m\000\040\000S\000t\000r\000u\000c\000t\000\040\000R\000e\000f\000e\000r\000e\000n\000c\000e}{chapter.4}% 90
\BOOKMARK [2][-]{subsection.4.6.1}{\376\377\0004\000.\0006\000.\0001\000\040\000D\000e\000t\000a\000i\000l\000e\000d\000\040\000D\000e\000s\000c\000r\000i\000p\000t\000i\000o\000n}{section.4.6}% 91
\BOOKMARK [2][-]{subsection.4.6.2}{\376\377\0004\000.\0006\000.\0002\000\040\000C\000o\000n\000s\000t\000r\000u\000c\000t\000o\000r\000\040\000\046\000\040\000D\000e\000s\000t\000r\000u\000c\000t\000o\000r\000\040\000D\000o\000c\000u\000m\000e\000n\000t\000a\000t\000i\000o\000n}{section.4.6}% 92
\BOOKMARK [3][-]{subsubsection.4.6.2.1}{\376\377\0004\000.\0006\000.\0002\000.\0001\000\040\000R\000o\000o\000m\000\050\000\051}{subsection.4.6.2}% 93
\BOOKMARK [3][-]{subsubsection.4.6.2.2}{\376\377\0004\000.\0006\000.\0002\000.\0002\000\040\000\040\000R\000o\000o\000m\000\050\000\051}{subsection.4.6.2}% 94
\BOOKMARK [2][-]{subsection.4.6.3}{\376\377\0004\000.\0006\000.\0003\000\040\000M\000e\000m\000b\000e\000r\000\040\000F\000u\000n\000c\000t\000i\000o\000n\000\040\000D\000o\000c\000u\000m\000e\000n\000t\000a\000t\000i\000o\000n}{section.4.6}% 95
\BOOKMARK [3][-]{subsubsection.4.6.3.1}{\376\377\0004\000.\0006\000.\0003\000.\0001\000\040\000a\000d\000d\000O\000b\000j\000e\000c\000t\000\050\000\051}{subsection.4.6.3}% 96
\BOOKMARK [3][-]{subsubsection.4.6.3.2}{\376\377\0004\000.\0006\000.\0003\000.\0002\000\040\000g\000e\000t\000H\000e\000i\000g\000h\000t\000\050\000\051}{subsection.4.6.3}% 97
\BOOKMARK [3][-]{subsubsection.4.6.3.3}{\376\377\0004\000.\0006\000.\0003\000.\0003\000\040\000g\000e\000t\000N\000a\000m\000e\000\050\000\051}{subsection.4.6.3}% 98
\BOOKMARK [3][-]{subsubsection.4.6.3.4}{\376\377\0004\000.\0006\000.\0003\000.\0004\000\040\000g\000e\000t\000N\000u\000m\000O\000b\000j\000s\000\050\000\051}{subsection.4.6.3}% 99
\BOOKMARK [3][-]{subsubsection.4.6.3.5}{\376\377\0004\000.\0006\000.\0003\000.\0005\000\040\000g\000e\000t\000O\000b\000j\000e\000c\000t\000I\000n\000d\000e\000x\000F\000r\000o\000m\000A\000r\000r\000a\000y\000\050\000\051}{subsection.4.6.3}% 100
\BOOKMARK [3][-]{subsubsection.4.6.3.6}{\376\377\0004\000.\0006\000.\0003\000.\0006\000\040\000g\000e\000t\000P\000a\000t\000h\000\050\000\051}{subsection.4.6.3}% 101
\BOOKMARK [3][-]{subsubsection.4.6.3.7}{\376\377\0004\000.\0006\000.\0003\000.\0007\000\040\000g\000e\000t\000W\000i\000d\000t\000h\000\050\000\051}{subsection.4.6.3}% 102
\BOOKMARK [3][-]{subsubsection.4.6.3.8}{\376\377\0004\000.\0006\000.\0003\000.\0008\000\040\000r\000e\000m\000o\000v\000e\000O\000b\000j\000e\000c\000t\000\050\000\051}{subsection.4.6.3}% 103
\BOOKMARK [3][-]{subsubsection.4.6.3.9}{\376\377\0004\000.\0006\000.\0003\000.\0009\000\040\000r\000o\000o\000m\000S\000t\000a\000r\000t\000\050\000\051}{subsection.4.6.3}% 104
\BOOKMARK [1][-]{section.4.7}{\376\377\0004\000.\0007\000\040\000G\000a\000m\000e\000R\000o\000o\000m\000:\000:\000R\000o\000o\000m\000M\000a\000n\000a\000g\000e\000r\000\040\000S\000t\000r\000u\000c\000t\000\040\000R\000e\000f\000e\000r\000e\000n\000c\000e}{chapter.4}% 105
\BOOKMARK [2][-]{subsection.4.7.1}{\376\377\0004\000.\0007\000.\0001\000\040\000D\000e\000t\000a\000i\000l\000e\000d\000\040\000D\000e\000s\000c\000r\000i\000p\000t\000i\000o\000n}{section.4.7}% 106
\BOOKMARK [2][-]{subsection.4.7.2}{\376\377\0004\000.\0007\000.\0002\000\040\000C\000o\000n\000s\000t\000r\000u\000c\000t\000o\000r\000\040\000\046\000\040\000D\000e\000s\000t\000r\000u\000c\000t\000o\000r\000\040\000D\000o\000c\000u\000m\000e\000n\000t\000a\000t\000i\000o\000n}{section.4.7}% 107
\BOOKMARK [3][-]{subsubsection.4.7.2.1}{\376\377\0004\000.\0007\000.\0002\000.\0001\000\040\000R\000o\000o\000m\000M\000a\000n\000a\000g\000e\000r\000\050\000\051}{subsection.4.7.2}% 108
\BOOKMARK [3][-]{subsubsection.4.7.2.2}{\376\377\0004\000.\0007\000.\0002\000.\0002\000\040\000\040\000R\000o\000o\000m\000M\000a\000n\000a\000g\000e\000r\000\050\000\051}{subsection.4.7.2}% 109
\BOOKMARK [2][-]{subsection.4.7.3}{\376\377\0004\000.\0007\000.\0003\000\040\000M\000e\000m\000b\000e\000r\000\040\000F\000u\000n\000c\000t\000i\000o\000n\000\040\000D\000o\000c\000u\000m\000e\000n\000t\000a\000t\000i\000o\000n}{section.4.7}% 110
\BOOKMARK [3][-]{subsubsection.4.7.3.1}{\376\377\0004\000.\0007\000.\0003\000.\0001\000\040\000a\000d\000d\000R\000o\000o\000m\000\050\000\051}{subsection.4.7.3}% 111
\BOOKMARK [3][-]{subsubsection.4.7.3.2}{\376\377\0004\000.\0007\000.\0003\000.\0002\000\040\000d\000e\000s\000t\000r\000o\000y\000R\000o\000o\000m\000\050\000\051}{subsection.4.7.3}% 112
\BOOKMARK [3][-]{subsubsection.4.7.3.3}{\376\377\0004\000.\0007\000.\0003\000.\0003\000\040\000g\000e\000t\000C\000u\000r\000r\000e\000n\000t\000R\000o\000o\000m\000\050\000\051}{subsection.4.7.3}% 113
\BOOKMARK [3][-]{subsubsection.4.7.3.4}{\376\377\0004\000.\0007\000.\0003\000.\0004\000\040\000g\000e\000t\000N\000u\000m\000R\000o\000o\000m\000s\000\050\000\051}{subsection.4.7.3}% 114
\BOOKMARK [3][-]{subsubsection.4.7.3.5}{\376\377\0004\000.\0007\000.\0003\000.\0005\000\040\000g\000e\000t\000R\000o\000o\000m\000N\000a\000m\000e\000\050\000\051}{subsection.4.7.3}% 115
\BOOKMARK [3][-]{subsubsection.4.7.3.6}{\376\377\0004\000.\0007\000.\0003\000.\0006\000\040\000g\000e\000t\000R\000o\000o\000m\000P\000o\000i\000n\000t\000e\000r\000\050\000\051}{subsection.4.7.3}% 116
\BOOKMARK [3][-]{subsubsection.4.7.3.7}{\376\377\0004\000.\0007\000.\0003\000.\0007\000\040\000r\000e\000s\000t\000a\000r\000t\000R\000o\000o\000m\000\050\000\051}{subsection.4.7.3}% 117
\BOOKMARK [3][-]{subsubsection.4.7.3.8}{\376\377\0004\000.\0007\000.\0003\000.\0008\000\040\000s\000e\000l\000e\000c\000t\000R\000o\000o\000m\000\050\000\051}{subsection.4.7.3}% 118
\BOOKMARK [1][-]{section.4.8}{\376\377\0004\000.\0008\000\040\000G\000a\000m\000e\000S\000p\000r\000:\000:\000S\000p\000r\000i\000t\000e\000\040\000S\000t\000r\000u\000c\000t\000\040\000R\000e\000f\000e\000r\000e\000n\000c\000e}{chapter.4}% 119
\BOOKMARK [2][-]{subsection.4.8.1}{\376\377\0004\000.\0008\000.\0001\000\040\000D\000e\000t\000a\000i\000l\000e\000d\000\040\000D\000e\000s\000c\000r\000i\000p\000t\000i\000o\000n}{section.4.8}% 120
\BOOKMARK [2][-]{subsection.4.8.2}{\376\377\0004\000.\0008\000.\0002\000\040\000C\000o\000n\000s\000t\000r\000u\000c\000t\000o\000r\000\040\000\046\000\040\000D\000e\000s\000t\000r\000u\000c\000t\000o\000r\000\040\000D\000o\000c\000u\000m\000e\000n\000t\000a\000t\000i\000o\000n}{section.4.8}% 121
\BOOKMARK [3][-]{subsubsection.4.8.2.1}{\376\377\0004\000.\0008\000.\0002\000.\0001\000\040\000S\000p\000r\000i\000t\000e\000\050\000\051}{subsection.4.8.2}% 122
\BOOKMARK [3][-]{subsubsection.4.8.2.2}{\376\377\0004\000.\0008\000.\0002\000.\0002\000\040\000\040\000S\000p\000r\000i\000t\000e\000\050\000\051}{subsection.4.8.2}% 123
\BOOKMARK [2][-]{subsection.4.8.3}{\376\377\0004\000.\0008\000.\0003\000\040\000M\000e\000m\000b\000e\000r\000\040\000F\000u\000n\000c\000t\000i\000o\000n\000\040\000D\000o\000c\000u\000m\000e\000n\000t\000a\000t\000i\000o\000n}{section.4.8}% 124
\BOOKMARK [3][-]{subsubsection.4.8.3.1}{\376\377\0004\000.\0008\000.\0003\000.\0001\000\040\000d\000r\000a\000w\000\050\000\051\000\040\000[\0001\000/\0002\000]}{subsection.4.8.3}% 125
\BOOKMARK [3][-]{subsubsection.4.8.3.2}{\376\377\0004\000.\0008\000.\0003\000.\0002\000\040\000d\000r\000a\000w\000\050\000\051\000\040\000[\0002\000/\0002\000]}{subsection.4.8.3}% 126
\BOOKMARK [3][-]{subsubsection.4.8.3.3}{\376\377\0004\000.\0008\000.\0003\000.\0003\000\040\000g\000e\000t\000A\000n\000g\000l\000e\000\050\000\051}{subsection.4.8.3}% 127
\BOOKMARK [3][-]{subsubsection.4.8.3.4}{\376\377\0004\000.\0008\000.\0003\000.\0004\000\040\000g\000e\000t\000H\000e\000i\000g\000h\000t\000\050\000\051}{subsection.4.8.3}% 128
\BOOKMARK [3][-]{subsubsection.4.8.3.5}{\376\377\0004\000.\0008\000.\0003\000.\0005\000\040\000g\000e\000t\000N\000a\000m\000e\000\050\000\051}{subsection.4.8.3}% 129
\BOOKMARK [3][-]{subsubsection.4.8.3.6}{\376\377\0004\000.\0008\000.\0003\000.\0006\000\040\000g\000e\000t\000P\000a\000t\000h\000\050\000\051}{subsection.4.8.3}% 130
\BOOKMARK [3][-]{subsubsection.4.8.3.7}{\376\377\0004\000.\0008\000.\0003\000.\0007\000\040\000g\000e\000t\000S\000p\000r\000i\000t\000e\000D\000e\000t\000a\000i\000l\000s\000\050\000\051}{subsection.4.8.3}% 131
\BOOKMARK [3][-]{subsubsection.4.8.3.8}{\376\377\0004\000.\0008\000.\0003\000.\0008\000\040\000g\000e\000t\000W\000i\000d\000t\000h\000\050\000\051}{subsection.4.8.3}% 132
\BOOKMARK [3][-]{subsubsection.4.8.3.9}{\376\377\0004\000.\0008\000.\0003\000.\0009\000\040\000s\000e\000t\000A\000n\000g\000l\000e\000\050\000\051}{subsection.4.8.3}% 133
\BOOKMARK [1][-]{section.4.9}{\376\377\0004\000.\0009\000\040\000S\000p\000r\000i\000t\000e\000\040\000S\000t\000r\000u\000c\000t\000\040\000R\000e\000f\000e\000r\000e\000n\000c\000e}{chapter.4}% 134
\BOOKMARK [1][-]{section.4.10}{\376\377\0004\000.\0001\0000\000\040\000S\000p\000r\000i\000t\000e\000M\000a\000n\000a\000g\000e\000r\000\040\000S\000t\000r\000u\000c\000t\000\040\000R\000e\000f\000e\000r\000e\000n\000c\000e}{chapter.4}% 135
\BOOKMARK [1][-]{section.4.11}{\376\377\0004\000.\0001\0001\000\040\000T\000e\000m\000p\000l\000a\000t\000e\000\040\000S\000t\000r\000u\000c\000t\000\040\000R\000e\000f\000e\000r\000e\000n\000c\000e}{chapter.4}% 136
\BOOKMARK [2][-]{subsection.4.11.1}{\376\377\0004\000.\0001\0001\000.\0001\000\040\000D\000e\000t\000a\000i\000l\000e\000d\000\040\000D\000e\000s\000c\000r\000i\000p\000t\000i\000o\000n}{section.4.11}% 137
\BOOKMARK [1][-]{section.4.12}{\376\377\0004\000.\0001\0002\000\040\000G\000a\000m\000e\000T\000e\000x\000t\000:\000:\000T\000e\000x\000t\000\040\000S\000t\000r\000u\000c\000t\000\040\000R\000e\000f\000e\000r\000e\000n\000c\000e}{chapter.4}% 138
\BOOKMARK [2][-]{subsection.4.12.1}{\376\377\0004\000.\0001\0002\000.\0001\000\040\000D\000e\000t\000a\000i\000l\000e\000d\000\040\000D\000e\000s\000c\000r\000i\000p\000t\000i\000o\000n}{section.4.12}% 139
\BOOKMARK [2][-]{subsection.4.12.2}{\376\377\0004\000.\0001\0002\000.\0002\000\040\000C\000o\000n\000s\000t\000r\000u\000c\000t\000o\000r\000\040\000\046\000\040\000D\000e\000s\000t\000r\000u\000c\000t\000o\000r\000\040\000D\000o\000c\000u\000m\000e\000n\000t\000a\000t\000i\000o\000n}{section.4.12}% 140
\BOOKMARK [3][-]{subsubsection.4.12.2.1}{\376\377\0004\000.\0001\0002\000.\0002\000.\0001\000\040\000T\000e\000x\000t\000\050\000\051\000\040\000[\0001\000/\0002\000]}{subsection.4.12.2}% 141
\BOOKMARK [3][-]{subsubsection.4.12.2.2}{\376\377\0004\000.\0001\0002\000.\0002\000.\0002\000\040\000T\000e\000x\000t\000\050\000\051\000\040\000[\0002\000/\0002\000]}{subsection.4.12.2}% 142
\BOOKMARK [3][-]{subsubsection.4.12.2.3}{\376\377\0004\000.\0001\0002\000.\0002\000.\0003\000\040\000\040\000T\000e\000x\000t\000\050\000\051}{subsection.4.12.2}% 143
\BOOKMARK [2][-]{subsection.4.12.3}{\376\377\0004\000.\0001\0002\000.\0003\000\040\000M\000e\000m\000b\000e\000r\000\040\000F\000u\000n\000c\000t\000i\000o\000n\000\040\000D\000o\000c\000u\000m\000e\000n\000t\000a\000t\000i\000o\000n}{section.4.12}% 144
\BOOKMARK [3][-]{subsubsection.4.12.3.1}{\376\377\0004\000.\0001\0002\000.\0003\000.\0001\000\040\000c\000h\000a\000n\000g\000e\000M\000e\000s\000s\000a\000g\000e\000\050\000\051}{subsection.4.12.3}% 145
\BOOKMARK [3][-]{subsubsection.4.12.3.2}{\376\377\0004\000.\0001\0002\000.\0003\000.\0002\000\040\000d\000r\000a\000w\000\050\000\051\000\040\000[\0001\000/\0002\000]}{subsection.4.12.3}% 146
\BOOKMARK [3][-]{subsubsection.4.12.3.3}{\376\377\0004\000.\0001\0002\000.\0003\000.\0003\000\040\000d\000r\000a\000w\000\050\000\051\000\040\000[\0002\000/\0002\000]}{subsection.4.12.3}% 147
\BOOKMARK [3][-]{subsubsection.4.12.3.4}{\376\377\0004\000.\0001\0002\000.\0003\000.\0004\000\040\000d\000r\000a\000w\000E\000x\000t\000\050\000\051}{subsection.4.12.3}% 148
\BOOKMARK [3][-]{subsubsection.4.12.3.5}{\376\377\0004\000.\0001\0002\000.\0003\000.\0005\000\040\000g\000e\000t\000A\000n\000g\000l\000e\000\050\000\051}{subsection.4.12.3}% 149
\BOOKMARK [3][-]{subsubsection.4.12.3.6}{\376\377\0004\000.\0001\0002\000.\0003\000.\0006\000\040\000s\000e\000t\000A\000n\000g\000l\000e\000\050\000\051}{subsection.4.12.3}% 150
\BOOKMARK [2][-]{subsection.4.12.4}{\376\377\0004\000.\0001\0002\000.\0004\000\040\000M\000e\000m\000b\000e\000r\000\040\000D\000a\000t\000a\000\040\000D\000o\000c\000u\000m\000e\000n\000t\000a\000t\000i\000o\000n}{section.4.12}% 151
\BOOKMARK [3][-]{subsubsection.4.12.4.1}{\376\377\0004\000.\0001\0002\000.\0004\000.\0001\000\040\000i\000n\000d\000e\000x}{subsection.4.12.4}% 152
\BOOKMARK [1][-]{section.4.13}{\376\377\0004\000.\0001\0003\000\040\000G\000a\000m\000e\000T\000e\000x\000t\000:\000:\000T\000e\000x\000t\000M\000a\000n\000a\000g\000e\000r\000\040\000S\000t\000r\000u\000c\000t\000\040\000R\000e\000f\000e\000r\000e\000n\000c\000e}{chapter.4}% 153
\BOOKMARK [2][-]{subsection.4.13.1}{\376\377\0004\000.\0001\0003\000.\0001\000\040\000D\000e\000t\000a\000i\000l\000e\000d\000\040\000D\000e\000s\000c\000r\000i\000p\000t\000i\000o\000n}{section.4.13}% 154
\BOOKMARK [2][-]{subsection.4.13.2}{\376\377\0004\000.\0001\0003\000.\0002\000\040\000C\000o\000n\000s\000t\000r\000u\000c\000t\000o\000r\000\040\000\046\000\040\000D\000e\000s\000t\000r\000u\000c\000t\000o\000r\000\040\000D\000o\000c\000u\000m\000e\000n\000t\000a\000t\000i\000o\000n}{section.4.13}% 155
\BOOKMARK [3][-]{subsubsection.4.13.2.1}{\376\377\0004\000.\0001\0003\000.\0002\000.\0001\000\040\000T\000e\000x\000t\000M\000a\000n\000a\000g\000e\000r\000\050\000\051}{subsection.4.13.2}% 156
\BOOKMARK [3][-]{subsubsection.4.13.2.2}{\376\377\0004\000.\0001\0003\000.\0002\000.\0002\000\040\000\040\000T\000e\000x\000t\000M\000a\000n\000a\000g\000e\000r\000\050\000\051}{subsection.4.13.2}% 157
\BOOKMARK [2][-]{subsection.4.13.3}{\376\377\0004\000.\0001\0003\000.\0003\000\040\000M\000e\000m\000b\000e\000r\000\040\000F\000u\000n\000c\000t\000i\000o\000n\000\040\000D\000o\000c\000u\000m\000e\000n\000t\000a\000t\000i\000o\000n}{section.4.13}% 158
\BOOKMARK [3][-]{subsubsection.4.13.3.1}{\376\377\0004\000.\0001\0003\000.\0003\000.\0001\000\040\000c\000r\000e\000a\000t\000e\000T\000e\000x\000t\000\050\000\051\000\040\000[\0001\000/\0002\000]}{subsection.4.13.3}% 159
\BOOKMARK [3][-]{subsubsection.4.13.3.2}{\376\377\0004\000.\0001\0003\000.\0003\000.\0002\000\040\000c\000r\000e\000a\000t\000e\000T\000e\000x\000t\000\050\000\051\000\040\000[\0002\000/\0002\000]}{subsection.4.13.3}% 160
\BOOKMARK [3][-]{subsubsection.4.13.3.3}{\376\377\0004\000.\0001\0003\000.\0003\000.\0003\000\040\000d\000e\000s\000t\000r\000o\000y\000T\000e\000x\000t\000\050\000\051}{subsection.4.13.3}% 161
\BOOKMARK [0][-]{chapter.5}{\376\377\0005\000\040\000F\000i\000l\000e\000\040\000D\000o\000c\000u\000m\000e\000n\000t\000a\000t\000i\000o\000n}{}% 162
\BOOKMARK [1][-]{section.5.1}{\376\377\0005\000.\0001\000\040\000G\000a\000m\000e\000O\000b\000j\000e\000c\000t\000s\000.\000h\000\040\000F\000i\000l\000e\000\040\000R\000e\000f\000e\000r\000e\000n\000c\000e}{chapter.5}% 163
\BOOKMARK [2][-]{subsection.5.1.1}{\376\377\0005\000.\0001\000.\0001\000\040\000D\000e\000t\000a\000i\000l\000e\000d\000\040\000D\000e\000s\000c\000r\000i\000p\000t\000i\000o\000n}{section.5.1}% 164
\BOOKMARK [2][-]{subsection.5.1.2}{\376\377\0005\000.\0001\000.\0002\000\040\000V\000a\000r\000i\000a\000b\000l\000e\000\040\000D\000o\000c\000u\000m\000e\000n\000t\000a\000t\000i\000o\000n}{section.5.1}% 165
\BOOKMARK [3][-]{subsubsection.5.1.2.1}{\376\377\0005\000.\0001\000.\0002\000.\0001\000\040\000m\000a\000x\000\137\000o\000b\000j}{subsection.5.1.2}% 166
\BOOKMARK [1][-]{section.5.2}{\376\377\0005\000.\0002\000\040\000G\000a\000m\000e\000O\000b\000j\000e\000c\000t\000s\000.\000h}{chapter.5}% 167
\BOOKMARK [1][-]{section.5.3}{\376\377\0005\000.\0003\000\040\000G\000a\000m\000e\000R\000o\000o\000m\000s\000.\000h\000\040\000F\000i\000l\000e\000\040\000R\000e\000f\000e\000r\000e\000n\000c\000e}{chapter.5}% 168
\BOOKMARK [2][-]{subsection.5.3.1}{\376\377\0005\000.\0003\000.\0001\000\040\000D\000e\000t\000a\000i\000l\000e\000d\000\040\000D\000e\000s\000c\000r\000i\000p\000t\000i\000o\000n}{section.5.3}% 169
\BOOKMARK [2][-]{subsection.5.3.2}{\376\377\0005\000.\0003\000.\0002\000\040\000V\000a\000r\000i\000a\000b\000l\000e\000\040\000D\000o\000c\000u\000m\000e\000n\000t\000a\000t\000i\000o\000n}{section.5.3}% 170
\BOOKMARK [3][-]{subsubsection.5.3.2.1}{\376\377\0005\000.\0003\000.\0002\000.\0001\000\040\000m\000a\000x\000\137\000r\000o\000o\000m\000\137\000o\000b\000j}{subsection.5.3.2}% 171
\BOOKMARK [3][-]{subsubsection.5.3.2.2}{\376\377\0005\000.\0003\000.\0002\000.\0002\000\040\000m\000a\000x\000\137\000r\000o\000o\000m\000s}{subsection.5.3.2}% 172
\BOOKMARK [1][-]{section.5.4}{\376\377\0005\000.\0004\000\040\000G\000a\000m\000e\000R\000o\000o\000m\000s\000.\000h}{chapter.5}% 173
\BOOKMARK [1][-]{section.5.5}{\376\377\0005\000.\0005\000\040\000G\000a\000m\000e\000S\000p\000r\000i\000t\000e\000s\000.\000h\000\040\000F\000i\000l\000e\000\040\000R\000e\000f\000e\000r\000e\000n\000c\000e}{chapter.5}% 174
\BOOKMARK [2][-]{subsection.5.5.1}{\376\377\0005\000.\0005\000.\0001\000\040\000D\000e\000t\000a\000i\000l\000e\000d\000\040\000D\000e\000s\000c\000r\000i\000p\000t\000i\000o\000n}{section.5.5}% 175
\BOOKMARK [2][-]{subsection.5.5.2}{\376\377\0005\000.\0005\000.\0002\000\040\000F\000u\000n\000c\000t\000i\000o\000n\000\040\000D\000o\000c\000u\000m\000e\000n\000t\000a\000t\000i\000o\000n}{section.5.5}% 176
\BOOKMARK [3][-]{subsubsection.5.5.2.1}{\376\377\0005\000.\0005\000.\0002\000.\0001\000\040\000r\000e\000c\000t\000I\000n\000t\000e\000r\000s\000e\000c\000t\000\050\000\051}{subsection.5.5.2}% 177
\BOOKMARK [3][-]{subsubsection.5.5.2.2}{\376\377\0005\000.\0005\000.\0002\000.\0002\000\040\000v\000a\000l\000i\000d\000a\000t\000e\000D\000e\000t\000a\000i\000l\000s\000\050\000\051}{subsection.5.5.2}% 178
\BOOKMARK [1][-]{section.5.6}{\376\377\0005\000.\0006\000\040\000G\000a\000m\000e\000S\000p\000r\000i\000t\000e\000s\000.\000h}{chapter.5}% 179
\BOOKMARK [1][-]{section.5.7}{\376\377\0005\000.\0007\000\040\000G\000a\000m\000e\000T\000e\000x\000t\000.\000h\000\040\000F\000i\000l\000e\000\040\000R\000e\000f\000e\000r\000e\000n\000c\000e}{chapter.5}% 180
\BOOKMARK [2][-]{subsection.5.7.1}{\376\377\0005\000.\0007\000.\0001\000\040\000D\000e\000t\000a\000i\000l\000e\000d\000\040\000D\000e\000s\000c\000r\000i\000p\000t\000i\000o\000n}{section.5.7}% 181
\BOOKMARK [2][-]{subsection.5.7.2}{\376\377\0005\000.\0007\000.\0002\000\040\000V\000a\000r\000i\000a\000b\000l\000e\000\040\000D\000o\000c\000u\000m\000e\000n\000t\000a\000t\000i\000o\000n}{section.5.7}% 182
\BOOKMARK [3][-]{subsubsection.5.7.2.1}{\376\377\0005\000.\0007\000.\0002\000.\0001\000\040\000m\000a\000x\000\137\000t\000e\000x\000t\000s}{subsection.5.7.2}% 183
\BOOKMARK [1][-]{section.5.8}{\376\377\0005\000.\0008\000\040\000G\000a\000m\000e\000T\000e\000x\000t\000.\000h}{chapter.5}% 184
\BOOKMARK [1][-]{section.5.9}{\376\377\0005\000.\0009\000\040\000I\000O\000H\000a\000n\000d\000l\000e\000r\000s\000.\000h\000\040\000F\000i\000l\000e\000\040\000R\000e\000f\000e\000r\000e\000n\000c\000e}{chapter.5}% 185
\BOOKMARK [2][-]{subsection.5.9.1}{\376\377\0005\000.\0009\000.\0001\000\040\000D\000e\000t\000a\000i\000l\000e\000d\000\040\000D\000e\000s\000c\000r\000i\000p\000t\000i\000o\000n}{section.5.9}% 186
\BOOKMARK [1][-]{section.5.10}{\376\377\0005\000.\0001\0000\000\040\000I\000O\000H\000a\000n\000d\000l\000e\000r\000s\000.\000h}{chapter.5}% 187
\BOOKMARK [1][-]{section.5.11}{\376\377\0005\000.\0001\0001\000\040\000M\000a\000i\000n\000.\000c\000p\000p\000\040\000F\000i\000l\000e\000\040\000R\000e\000f\000e\000r\000e\000n\000c\000e}{chapter.5}% 188
\BOOKMARK [2][-]{subsection.5.11.1}{\376\377\0005\000.\0001\0001\000.\0001\000\040\000D\000e\000t\000a\000i\000l\000e\000d\000\040\000D\000e\000s\000c\000r\000i\000p\000t\000i\000o\000n}{section.5.11}% 189
\BOOKMARK [2][-]{subsection.5.11.2}{\376\377\0005\000.\0001\0001\000.\0002\000\040\000F\000u\000n\000c\000t\000i\000o\000n\000\040\000D\000o\000c\000u\000m\000e\000n\000t\000a\000t\000i\000o\000n}{section.5.11}% 190
\BOOKMARK [3][-]{subsubsection.5.11.2.1}{\376\377\0005\000.\0001\0001\000.\0002\000.\0001\000\040\000d\000r\000a\000w\000\050\000\051}{subsection.5.11.2}% 191
\BOOKMARK [3][-]{subsubsection.5.11.2.2}{\376\377\0005\000.\0001\0001\000.\0002\000.\0002\000\040\000i\000n\000i\000t\000\050\000\051}{subsection.5.11.2}% 192
\BOOKMARK [3][-]{subsubsection.5.11.2.3}{\376\377\0005\000.\0001\0001\000.\0002\000.\0003\000\040\000k\000i\000l\000l\000\050\000\051}{subsection.5.11.2}% 193
\BOOKMARK [3][-]{subsubsection.5.11.2.4}{\376\377\0005\000.\0001\0001\000.\0002\000.\0004\000\040\000m\000a\000i\000n\000\050\000\051}{subsection.5.11.2}% 194
\BOOKMARK [3][-]{subsubsection.5.11.2.5}{\376\377\0005\000.\0001\0001\000.\0002\000.\0005\000\040\000u\000p\000d\000a\000t\000e\000\050\000\051}{subsection.5.11.2}% 195
\BOOKMARK [1][-]{section.5.12}{\376\377\0005\000.\0001\0002\000\040\000U\000s\000e\000r\000O\000b\000j\000e\000c\000t\000s\000.\000h}{chapter.5}% 196
\BOOKMARK [1][-]{section.5.13}{\376\377\0005\000.\0001\0003\000\040\000U\000t\000i\000l\000i\000t\000i\000e\000s\000.\000h\000\040\000F\000i\000l\000e\000\040\000R\000e\000f\000e\000r\000e\000n\000c\000e}{chapter.5}% 197
\BOOKMARK [2][-]{subsection.5.13.1}{\376\377\0005\000.\0001\0003\000.\0001\000\040\000D\000e\000t\000a\000i\000l\000e\000d\000\040\000D\000e\000s\000c\000r\000i\000p\000t\000i\000o\000n}{section.5.13}% 198
\BOOKMARK [2][-]{subsection.5.13.2}{\376\377\0005\000.\0001\0003\000.\0002\000\040\000F\000u\000n\000c\000t\000i\000o\000n\000\040\000D\000o\000c\000u\000m\000e\000n\000t\000a\000t\000i\000o\000n}{section.5.13}% 199
\BOOKMARK [3][-]{subsubsection.5.13.2.1}{\376\377\0005\000.\0001\0003\000.\0002\000.\0001\000\040\000c\000h\000o\000o\000s\000e\000\050\000\051}{subsection.5.13.2}% 200
\BOOKMARK [3][-]{subsubsection.5.13.2.2}{\376\377\0005\000.\0001\0003\000.\0002\000.\0002\000\040\000d\000e\000g\000T\000o\000R\000a\000d\000\050\000\051}{subsection.5.13.2}% 201
\BOOKMARK [3][-]{subsubsection.5.13.2.3}{\376\377\0005\000.\0001\0003\000.\0002\000.\0003\000\040\000d\000i\000r\000L\000e\000n\000T\000o\000V\000e\000c\000t\000o\000r\000\050\000\051}{subsection.5.13.2}% 202
\BOOKMARK [3][-]{subsubsection.5.13.2.4}{\376\377\0005\000.\0001\0003\000.\0002\000.\0004\000\040\000g\000e\000t\000S\000t\000r\000i\000n\000g\000F\000r\000o\000m\000F\000i\000l\000e\000\050\000\051}{subsection.5.13.2}% 203
\BOOKMARK [3][-]{subsubsection.5.13.2.5}{\376\377\0005\000.\0001\0003\000.\0002\000.\0005\000\040\000p\000a\000r\000s\000e\000J\000S\000O\000N\000\050\000\051}{subsection.5.13.2}% 204
\BOOKMARK [3][-]{subsubsection.5.13.2.6}{\376\377\0005\000.\0001\0003\000.\0002\000.\0006\000\040\000r\000a\000n\000d\000D\000o\000u\000b\000l\000e\000\050\000\051}{subsection.5.13.2}% 205
\BOOKMARK [2][-]{subsection.5.13.3}{\376\377\0005\000.\0001\0003\000.\0003\000\040\000V\000a\000r\000i\000a\000b\000l\000e\000\040\000D\000o\000c\000u\000m\000e\000n\000t\000a\000t\000i\000o\000n}{section.5.13}% 206
\BOOKMARK [3][-]{subsubsection.5.13.3.1}{\376\377\0005\000.\0001\0003\000.\0003\000.\0001\000\040\000p\000i}{subsection.5.13.3}% 207
\BOOKMARK [1][-]{section.5.14}{\376\377\0005\000.\0001\0004\000\040\000U\000t\000i\000l\000i\000t\000i\000e\000s\000.\000h}{chapter.5}% 208
\BOOKMARK [0][-]{section*.35}{\376\377\000I\000n\000d\000e\000x}{}% 209
